<?xml version="1.0" encoding="UTF-8"?>
<!-- Generated by org.testng.reporters.JUnitReportReporter -->
<testsuite hostname="LAPTOP-JSEGR4E3" failures="0" tests="2" name="Basic_4" time="0.007" errors="0" timestamp="2022-03-03T11:40:19 IST" skipped="0">
  <testcase classname="Basic_4" name="Demo16" time="0.003"/>
  <system-out/>
  <testcase classname="Basic_4" name="Demo7" time="0.004"/>
  <system-out/>
</testsuite> <!-- Basic_4 -->
