<?xml version="1.0" encoding="UTF-8"?>
<!-- Generated by org.testng.reporters.JUnitReportReporter -->
<testsuite hostname="LAPTOP-JSEGR4E3" failures="0" tests="4" name="Basic_3" time="0.021" errors="0" timestamp="2022-03-04T10:33:19 IST" skipped="0">
  <testcase classname="Basic_3" name="Demo5" time="0.012"/>
  <system-out/>
  <testcase classname="Basic_3" name="Demo6" time="0.003"/>
  <system-out/>
  <testcase classname="Basic_3" name="Demo6" time="0.003"/>
  <system-out/>
  <testcase classname="Basic_3" name="Demo6" time="0.003"/>
  <system-out/>
</testsuite> <!-- Basic_3 -->
