<?xml version="1.0" encoding="UTF-8"?>
<!-- Generated by org.testng.reporters.JUnitReportReporter -->
<testsuite hostname="LAPTOP-JSEGR4E3" failures="0" tests="2" name="Basic_1" time="0.019" errors="0" timestamp="2022-03-11T09:54:35 IST" skipped="1">
  <testcase classname="Basic_1" name="Demo" time="0.019"/>
  <system-out/>
  <testcase classname="Basic_1" name="Demo1">
    <skipped/>
  </testcase> <!-- Demo1 -->
  <system-out/>
</testsuite> <!-- Basic_1 -->
